<?xml version="1.0" encoding="UTF-8"?>
<!-- Generated by org.testng.reporters.JUnitReportReporter -->
<testsuite hostname="DESKTOP-KI2FUTQ" failures="0" tests="1" name="maventutor.Mavenjava.AppiumTest" time="0.004" errors="0" timestamp="2021-06-29T17:45:57 IST" skipped="0">
  <testcase classname="maventutor.Mavenjava.AppiumTest" name="MobileTest" time="0.004"/>
  <system-out/>
</testsuite> <!-- maventutor.Mavenjava.AppiumTest -->
