<?xml version="1.0" encoding="UTF-8"?>
<!-- Generated by org.testng.reporters.JUnitReportReporter -->
<testsuite hostname="DESKTOP-KI2FUTQ" failures="0" tests="1" name="maventutor.Mavenjava.SeleniumTest" time="0.000" errors="0" timestamp="2021-06-29T17:45:57 IST" skipped="0">
  <testcase classname="maventutor.Mavenjava.SeleniumTest" name="SeleniumWebTest" time="0.000"/>
  <system-out/>
</testsuite> <!-- maventutor.Mavenjava.SeleniumTest -->
